[ 2017-11-20T16:48:33+08:00 ] ::1 /blog/Index.php/dist/css/bootstrap.min.css
INFO: [ app_init ] --START--
INFO: Run Behavior\BuildLiteBehavior [ RunTime:0.000042s ]
INFO: [ app_init ] --END-- [ RunTime:0.000761s ]
ERR: 无法加载模块:Dist

[ 2017-11-20T16:48:33+08:00 ] ::1 /blog/Index.php/assets/css/ie10-viewport-bug-workaround.css
INFO: [ app_init ] --START--
INFO: Run Behavior\BuildLiteBehavior [ RunTime:0.000037s ]
INFO: [ app_init ] --END-- [ RunTime:0.000677s ]
ERR: 无法加载模块:Assets

[ 2017-11-20T16:48:34+08:00 ] ::1 /blog/Index.php/assets/js/ie-emulation-modes-warning.js
INFO: [ app_init ] --START--
INFO: Run Behavior\BuildLiteBehavior [ RunTime:0.000025s ]
INFO: [ app_init ] --END-- [ RunTime:0.000497s ]
ERR: 无法加载模块:Assets

[ 2017-11-20T17:21:21+08:00 ] ::1 /blog/YX/Home/public/JS/vendor//jquery-2.1.1.min.js
INFO: [ app_init ] --START--
INFO: Run Behavior\BuildLiteBehavior [ RunTime:0.000033s ]
INFO: [ app_init ] --END-- [ RunTime:0.000524s ]
ERR: 无法加载模块:YX

[ 2017-11-20T17:21:21+08:00 ] ::1 /blog/YX/Home/public/CSS//offcanvas.css
INFO: [ app_init ] --START--
INFO: Run Behavior\BuildLiteBehavior [ RunTime:0.000035s ]
INFO: [ app_init ] --END-- [ RunTime:0.000680s ]
ERR: 无法加载模块:YX

[ 2017-11-20T17:21:21+08:00 ] ::1 /blog/YX/Home/public/JS//offcanvas.js
INFO: [ app_init ] --START--
INFO: Run Behavior\BuildLiteBehavior [ RunTime:0.000039s ]
INFO: [ app_init ] --END-- [ RunTime:0.000668s ]
ERR: 无法加载模块:YX

[ 2017-11-20T17:21:21+08:00 ] ::1 /blog/YX/Home/public/JS/vendor//jquery-2.1.1.min.js
INFO: [ app_init ] --START--
INFO: Run Behavior\BuildLiteBehavior [ RunTime:0.000053s ]
INFO: [ app_init ] --END-- [ RunTime:0.001079s ]
ERR: 无法加载模块:YX

[ 2017-11-20T17:21:21+08:00 ] ::1 /blog/YX/Home/public/JS//offcanvas.js
INFO: [ app_init ] --START--
INFO: Run Behavior\BuildLiteBehavior [ RunTime:0.000022s ]
INFO: [ app_init ] --END-- [ RunTime:0.000430s ]
ERR: 无法加载模块:YX

[ 2017-11-20T17:21:28+08:00 ] ::1 /blog/YX/Home/public/CSS//offcanvas.css
INFO: [ app_init ] --START--
INFO: Run Behavior\BuildLiteBehavior [ RunTime:0.000043s ]
INFO: [ app_init ] --END-- [ RunTime:0.000720s ]
ERR: 无法加载模块:YX

[ 2017-11-20T17:22:14+08:00 ] ::1 /blog/blog/Home/Public/JS/jquery-2.1.1.min.js
INFO: [ app_init ] --START--
INFO: Run Behavior\BuildLiteBehavior [ RunTime:0.000036s ]
INFO: [ app_init ] --END-- [ RunTime:0.000889s ]
ERR: 无法加载模块:Blog

[ 2017-11-20T17:22:14+08:00 ] ::1 /blog/blog/Home/Public/JS/jquery-2.1.1.min.js
INFO: [ app_init ] --START--
INFO: Run Behavior\BuildLiteBehavior [ RunTime:0.000023s ]
INFO: [ app_init ] --END-- [ RunTime:0.000479s ]
ERR: 无法加载模块:Blog

[ 2017-11-20T17:23:16+08:00 ] ::1 /blog/blog/Home/Public/JS/jquery-2.1.1.min.js
ERR: 无法加载模块:Blog

[ 2017-11-20T17:23:16+08:00 ] ::1 /blog/blog/Home/Public/JS/jquery-2.1.1.min.js
ERR: 无法加载模块:Blog

[ 2017-11-20T17:23:38+08:00 ] ::1 /blog/blog/Home/Public/JS/jquery-2.1.1.min.js
ERR: 无法加载模块:Blog

[ 2017-11-20T17:23:38+08:00 ] ::1 /blog/blog/Home/Public/JS/jquery-2.1.1.min.js
ERR: 无法加载模块:Blog

[ 2017-11-20T17:46:08+08:00 ] ::1 /blog/Index.php/Index/writings/id.html
ERR: 无法加载模块:Index

[ 2017-11-20T17:46:17+08:00 ] ::1 /blog/Index.php/Index/writings/id.html
ERR: 无法加载模块:Index

