[ 2017-11-21T00:05:08+08:00 ] ::1 /blog/index.php/Index/writings.html/id=%7Barr.id%7D
ERR: 非法操作:writings.html

[ 2017-11-21T00:05:36+08:00 ] ::1 /blog/index.php/Index/writings.html/id=1
ERR: 非法操作:writings.html

[ 2017-11-21T00:05:51+08:00 ] ::1 /blog/index.php/Index/writings.html/id=1
ERR: 非法操作:writings.html

[ 2017-11-21T13:59:43+08:00 ] ::1 /blog/index.php/Index/state
ERR: 参数错误或者未定义:parameter

[ 2017-11-21T14:01:33+08:00 ] ::1 /blog/index.php/Index/state
ERR: 参数错误或者未定义:parameter

[ 2017-11-21T16:25:59+08:00 ] ::1 /blog/index.php/Index/Catalog.html
ERR: 模板不存在:./blog/Home/View/Index/Catalog.html

[ 2017-11-21T16:26:17+08:00 ] ::1 /blog/dist/js/bootstrap.min.js
ERR: 无法加载控制器:Dist

[ 2017-11-21T16:26:17+08:00 ] ::1 /blog/dist/css/bootstrap.min.css
ERR: 无法加载控制器:Dist

[ 2017-11-21T16:26:17+08:00 ] ::1 /blog/assets/css/ie10-viewport-bug-workaround.css
ERR: 无法加载控制器:Assets

[ 2017-11-21T16:26:17+08:00 ] ::1 /blog/assets/js/ie-emulation-modes-warning.js
ERR: 无法加载控制器:Assets

[ 2017-11-21T16:26:17+08:00 ] ::1 /blog/assets/js/ie10-viewport-bug-workaround.js
ERR: 无法加载控制器:Assets

[ 2017-11-21T16:27:13+08:00 ] ::1 /blog/assets/js/ie10-viewport-bug-workaround.js
ERR: 无法加载控制器:Assets

[ 2017-11-21T16:27:13+08:00 ] ::1 /blog/dist/js/bootstrap.min.js
ERR: 无法加载控制器:Dist

[ 2017-11-21T16:27:41+08:00 ] ::1 /blog/assets/js/vendor/jquery.min.js
ERR: 无法加载控制器:Assets

[ 2017-11-21T16:27:41+08:00 ] ::1 /blog/dist/js/bootstrap.min.js
ERR: 无法加载控制器:Dist

[ 2017-11-21T16:27:41+08:00 ] ::1 /blog/assets/js/ie10-viewport-bug-workaround.js
ERR: 无法加载控制器:Assets

[ 2017-11-21T19:00:03+08:00 ] ::1 /blog/index.php/Index/wirtings.html?id=-1
ERR: 非法操作:wirtings

[ 2017-11-21T19:00:10+08:00 ] ::1 /blog/index.php/Index/wirtings.html?id=-1
ERR: 非法操作:wirtings

[ 2017-11-21T19:00:22+08:00 ] ::1 /blog/index.php/Index/wirtings.html?id=+1
ERR: 非法操作:wirtings

[ 2017-11-21T19:00:37+08:00 ] ::1 /blog/index.php/Index/wirtings.html?id=2
ERR: 非法操作:wirtings

[ 2017-11-21T19:00:50+08:00 ] ::1 /blog/index.php/Index/wirtings.html?id=+1
ERR: 非法操作:wirtings

[ 2017-11-21T19:00:54+08:00 ] ::1 /blog/index.php/Index/wrtings.html?id=+1
ERR: 非法操作:wrtings

[ 2017-11-21T19:02:07+08:00 ] ::1 /blog/index.php/Index/wrtings.html?id=
ERR: 非法操作:wrtings

[ 2017-11-21T19:02:48+08:00 ] ::1 /blog/index.php/Index/wrtings.html?id=1+1
ERR: 非法操作:wrtings

[ 2017-11-21T19:03:13+08:00 ] ::1 /blog/index.php/Index/wrtings.html?id=%EF%BC%881+1%EF%BC%89
ERR: 非法操作:wrtings

[ 2017-11-21T19:41:34+08:00 ] ::1 /blog/index.php/Index/writings.html?id=1
ERR: 非法操作:writings

[ 2017-11-21T19:41:38+08:00 ] ::1 /blog/index.php/Index/writings.html?id=1
ERR: 非法操作:writings

[ 2017-11-21T19:41:47+08:00 ] ::1 /blog/index.php/Index/writings.html?id=1
ERR: 非法操作:writings

[ 2017-11-21T21:10:45+08:00 ] ::1 /blog/Index.php/Admin
ERR: 无法加载控制器:Index

[ 2017-11-21T21:10:54+08:00 ] ::1 /blog/Admin
ERR: 无法加载控制器:Index

[ 2017-11-21T21:11:14+08:00 ] ::1 /blog/index.php/Admin/Index
ERR: 无法加载控制器:Index

[ 2017-11-21T21:11:26+08:00 ] ::1 /blog/Admin/Index
ERR: 无法加载控制器:Index

[ 2017-11-21T21:11:48+08:00 ] ::1 /blog/Admin/Index
ERR: 无法加载控制器:Index

[ 2017-11-21T21:12:32+08:00 ] ::1 /blog/Admin/
ERR: 无法加载控制器:Index

[ 2017-11-21T21:12:58+08:00 ] ::1 /blog/Index.php/Admin
ERR: 无法加载控制器:Index

[ 2017-11-21T21:13:09+08:00 ] ::1 /blog/index.php/Admin
ERR: 无法加载控制器:Index

[ 2017-11-21T21:15:37+08:00 ] ::1 /blog/Admin
ERR: 无法加载控制器:Index

[ 2017-11-21T21:15:47+08:00 ] ::1 /blog/Admin/index/Index/index
ERR: 无法加载控制器:Index

[ 2017-11-21T21:15:52+08:00 ] ::1 /blog/Admin/Index/index
ERR: 无法加载控制器:Index

[ 2017-11-21T21:19:24+08:00 ] ::1 /blog/Admin/Index/Home
ERR: 无法加载控制器:Index

[ 2017-11-21T21:21:14+08:00 ] ::1 /blog/
ERR: 无法加载控制器:Index

[ 2017-11-21T21:21:16+08:00 ] ::1 /blog/
ERR: 无法加载控制器:Index

[ 2017-11-21T21:21:17+08:00 ] ::1 /blog/
ERR: 无法加载控制器:Index

[ 2017-11-21T21:21:30+08:00 ] ::1 /blog/
ERR: 无法加载控制器:Index

[ 2017-11-21T21:21:31+08:00 ] ::1 /blog/
ERR: 无法加载控制器:Index

[ 2017-11-21T21:35:00+08:00 ] ::1 /blog/dist/css/bootstrap.min.css
ERR: 无法加载控制器:Dist

[ 2017-11-21T21:35:00+08:00 ] ::1 /blog/assets/css/ie10-viewport-bug-workaround.css
ERR: 无法加载控制器:Assets

[ 2017-11-21T21:35:00+08:00 ] ::1 /blog/Admin/Index/dashboard.css
ERR: 非法操作:dashboard.css

[ 2017-11-21T21:35:00+08:00 ] ::1 /blog/dist/js/bootstrap.min.js
ERR: 无法加载控制器:Dist

[ 2017-11-21T21:35:00+08:00 ] ::1 /blog/assets/js/ie-emulation-modes-warning.js
ERR: 无法加载控制器:Assets

[ 2017-11-21T21:35:00+08:00 ] ::1 /blog/assets/js/vendor/holder.min.js
ERR: 无法加载控制器:Assets

[ 2017-11-21T21:35:00+08:00 ] ::1 /blog/assets/js/ie10-viewport-bug-workaround.js
ERR: 无法加载控制器:Assets

[ 2017-11-21T21:36:24+08:00 ] ::1 /blog/assets/js/vendor/jquery.min.js
ERR: 无法加载控制器:Assets

[ 2017-11-21T21:36:24+08:00 ] ::1 /blog/dist/js/bootstrap.min.js
ERR: 无法加载控制器:Dist

[ 2017-11-21T21:36:24+08:00 ] ::1 /blog/assets/js/vendor/holder.min.js
ERR: 无法加载控制器:Assets

[ 2017-11-21T21:36:24+08:00 ] ::1 /blog/assets/js/ie10-viewport-bug-workaround.js
ERR: 无法加载控制器:Assets

[ 2017-11-21T21:37:15+08:00 ] ::1 /blog/dist/css/bootstrap.min.css
ERR: 无法加载控制器:Dist

[ 2017-11-21T21:37:15+08:00 ] ::1 /blog/Admin/Index/dashboard.css
ERR: 非法操作:dashboard.css

[ 2017-11-21T21:37:15+08:00 ] ::1 /blog/assets/js/ie-emulation-modes-warning.js
ERR: 无法加载控制器:Assets

[ 2017-11-21T21:37:15+08:00 ] ::1 /blog/assets/css/ie10-viewport-bug-workaround.css
ERR: 无法加载控制器:Assets

[ 2017-11-21T21:37:15+08:00 ] ::1 /blog/dist/js/bootstrap.min.js
ERR: 无法加载控制器:Dist

[ 2017-11-21T21:37:15+08:00 ] ::1 /blog/assets/js/vendor/holder.min.js
ERR: 无法加载控制器:Assets

[ 2017-11-21T21:37:15+08:00 ] ::1 /blog/assets/js/ie10-viewport-bug-workaround.js
ERR: 无法加载控制器:Assets

[ 2017-11-21T21:38:19+08:00 ] ::1 /blog/Admin/Index/dashboard.css
ERR: 非法操作:dashboard.css

[ 2017-11-21T21:38:19+08:00 ] ::1 /blog/dist/css/bootstrap.min.css
ERR: 无法加载控制器:Dist

[ 2017-11-21T21:38:19+08:00 ] ::1 /blog/assets/css/ie10-viewport-bug-workaround.css
ERR: 无法加载控制器:Assets

[ 2017-11-21T21:38:19+08:00 ] ::1 /blog/dist/js/bootstrap.min.js
ERR: 无法加载控制器:Dist

[ 2017-11-21T21:38:19+08:00 ] ::1 /blog/assets/js/ie-emulation-modes-warning.js
ERR: 无法加载控制器:Assets

[ 2017-11-21T21:38:19+08:00 ] ::1 /blog/assets/js/vendor/holder.min.js
ERR: 无法加载控制器:Assets

[ 2017-11-21T21:38:19+08:00 ] ::1 /blog/assets/js/ie10-viewport-bug-workaround.js
ERR: 无法加载控制器:Assets

[ 2017-11-21T21:38:21+08:00 ] ::1 /blog/dist/css/bootstrap.min.css
ERR: 无法加载控制器:Dist

[ 2017-11-21T21:38:21+08:00 ] ::1 /blog/assets/js/ie-emulation-modes-warning.js
ERR: 无法加载控制器:Assets

[ 2017-11-21T21:38:21+08:00 ] ::1 /blog/dist/js/bootstrap.min.js
ERR: 无法加载控制器:Dist

[ 2017-11-21T21:38:21+08:00 ] ::1 /blog/assets/css/ie10-viewport-bug-workaround.css
ERR: 无法加载控制器:Assets

[ 2017-11-21T21:38:21+08:00 ] ::1 /blog/assets/js/vendor/holder.min.js
ERR: 无法加载控制器:Assets

[ 2017-11-21T21:38:21+08:00 ] ::1 /blog/Admin/Index/dashboard.css
ERR: 非法操作:dashboard.css

[ 2017-11-21T21:38:21+08:00 ] ::1 /blog/assets/js/ie10-viewport-bug-workaround.js
ERR: 无法加载控制器:Assets

[ 2017-11-21T21:38:39+08:00 ] ::1 /blog/assets/js/vendor/jquery.min.js
ERR: 无法加载控制器:Assets

[ 2017-11-21T21:38:39+08:00 ] ::1 /blog/dist/js/bootstrap.min.js
ERR: 无法加载控制器:Dist

[ 2017-11-21T21:38:39+08:00 ] ::1 /blog/assets/js/vendor/holder.min.js
ERR: 无法加载控制器:Assets

[ 2017-11-21T21:38:39+08:00 ] ::1 /blog/assets/js/ie10-viewport-bug-workaround.js
ERR: 无法加载控制器:Assets

[ 2017-11-21T21:39:26+08:00 ] ::1 /blog/assets/css/ie10-viewport-bug-workaround.css
ERR: 无法加载控制器:Assets

[ 2017-11-21T21:39:26+08:00 ] ::1 /blog/dist/js/bootstrap.min.js
ERR: 无法加载控制器:Dist

[ 2017-11-21T21:39:26+08:00 ] ::1 /blog/Admin/Index/dashboard.css
ERR: 非法操作:dashboard.css

[ 2017-11-21T21:39:26+08:00 ] ::1 /blog/assets/js/ie-emulation-modes-warning.js
ERR: 无法加载控制器:Assets

[ 2017-11-21T21:39:26+08:00 ] ::1 /blog/dist/css/bootstrap.min.css
ERR: 无法加载控制器:Dist

[ 2017-11-21T21:39:26+08:00 ] ::1 /blog/assets/js/vendor/holder.min.js
ERR: 无法加载控制器:Assets

[ 2017-11-21T21:39:26+08:00 ] ::1 /blog/assets/js/ie10-viewport-bug-workaround.js
ERR: 无法加载控制器:Assets

[ 2017-11-21T21:39:31+08:00 ] ::1 /blog/assets/js/vendor/holder.min.js
ERR: 无法加载控制器:Assets

[ 2017-11-21T21:39:31+08:00 ] ::1 /blog/assets/js/ie-emulation-modes-warning.js
ERR: 无法加载控制器:Assets

[ 2017-11-21T21:39:31+08:00 ] ::1 /blog/assets/css/ie10-viewport-bug-workaround.css
ERR: 无法加载控制器:Assets

[ 2017-11-21T21:39:31+08:00 ] ::1 /blog/dist/css/bootstrap.min.css
ERR: 无法加载控制器:Dist

[ 2017-11-21T21:39:31+08:00 ] ::1 /blog/dist/js/bootstrap.min.js
ERR: 无法加载控制器:Dist

[ 2017-11-21T21:39:31+08:00 ] ::1 /blog/Admin/Index/dashboard.css
ERR: 非法操作:dashboard.css

[ 2017-11-21T21:39:31+08:00 ] ::1 /blog/assets/js/ie10-viewport-bug-workaround.js
ERR: 无法加载控制器:Assets

[ 2017-11-21T21:39:35+08:00 ] ::1 /blog/dist/js/bootstrap.min.js
ERR: 无法加载控制器:Dist

[ 2017-11-21T21:39:35+08:00 ] ::1 /blog/assets/js/ie-emulation-modes-warning.js
ERR: 无法加载控制器:Assets

[ 2017-11-21T21:39:35+08:00 ] ::1 /blog/assets/js/vendor/holder.min.js
ERR: 无法加载控制器:Assets

[ 2017-11-21T21:39:35+08:00 ] ::1 /blog/Admin/Index/dashboard.css
ERR: 非法操作:dashboard.css

[ 2017-11-21T21:39:35+08:00 ] ::1 /blog/dist/css/bootstrap.min.css
ERR: 无法加载控制器:Dist

[ 2017-11-21T21:39:35+08:00 ] ::1 /blog/assets/css/ie10-viewport-bug-workaround.css
ERR: 无法加载控制器:Assets

[ 2017-11-21T21:39:35+08:00 ] ::1 /blog/assets/js/ie10-viewport-bug-workaround.js
ERR: 无法加载控制器:Assets

[ 2017-11-21T21:39:35+08:00 ] ::1 /blog/assets/js/ie-emulation-modes-warning.js
ERR: 无法加载控制器:Assets

[ 2017-11-21T21:39:35+08:00 ] ::1 /blog/dist/js/bootstrap.min.js
ERR: 无法加载控制器:Dist

[ 2017-11-21T21:39:35+08:00 ] ::1 /blog/Admin/Index/dashboard.css
ERR: 非法操作:dashboard.css

[ 2017-11-21T21:39:35+08:00 ] ::1 /blog/dist/css/bootstrap.min.css
ERR: 无法加载控制器:Dist

[ 2017-11-21T21:39:35+08:00 ] ::1 /blog/assets/js/vendor/holder.min.js
ERR: 无法加载控制器:Assets

[ 2017-11-21T21:39:35+08:00 ] ::1 /blog/assets/css/ie10-viewport-bug-workaround.css
ERR: 无法加载控制器:Assets

[ 2017-11-21T21:39:35+08:00 ] ::1 /blog/assets/js/ie10-viewport-bug-workaround.js
ERR: 无法加载控制器:Assets

[ 2017-11-21T21:39:35+08:00 ] ::1 /blog/assets/css/ie10-viewport-bug-workaround.css
ERR: 无法加载控制器:Assets

[ 2017-11-21T21:39:35+08:00 ] ::1 /blog/Admin/Index/dashboard.css
ERR: 非法操作:dashboard.css

[ 2017-11-21T21:39:35+08:00 ] ::1 /blog/assets/js/ie-emulation-modes-warning.js
ERR: 无法加载控制器:Assets

[ 2017-11-21T21:39:35+08:00 ] ::1 /blog/dist/js/bootstrap.min.js
ERR: 无法加载控制器:Dist

[ 2017-11-21T21:39:35+08:00 ] ::1 /blog/dist/css/bootstrap.min.css
ERR: 无法加载控制器:Dist

[ 2017-11-21T21:39:35+08:00 ] ::1 /blog/assets/js/vendor/holder.min.js
ERR: 无法加载控制器:Assets

[ 2017-11-21T21:39:35+08:00 ] ::1 /blog/assets/js/ie10-viewport-bug-workaround.js
ERR: 无法加载控制器:Assets

[ 2017-11-21T21:39:35+08:00 ] ::1 /blog/dist/css/bootstrap.min.css
ERR: 无法加载控制器:Dist

[ 2017-11-21T21:39:35+08:00 ] ::1 /blog/assets/js/vendor/holder.min.js
ERR: 无法加载控制器:Assets

[ 2017-11-21T21:39:35+08:00 ] ::1 /blog/assets/js/ie-emulation-modes-warning.js
ERR: 无法加载控制器:Assets

[ 2017-11-21T21:39:35+08:00 ] ::1 /blog/Admin/Index/dashboard.css
ERR: 非法操作:dashboard.css

[ 2017-11-21T21:39:35+08:00 ] ::1 /blog/dist/js/bootstrap.min.js
ERR: 无法加载控制器:Dist

[ 2017-11-21T21:39:35+08:00 ] ::1 /blog/assets/css/ie10-viewport-bug-workaround.css
ERR: 无法加载控制器:Assets

[ 2017-11-21T21:39:35+08:00 ] ::1 /blog/assets/js/ie10-viewport-bug-workaround.js
ERR: 无法加载控制器:Assets

[ 2017-11-21T21:39:35+08:00 ] ::1 /blog/assets/css/ie10-viewport-bug-workaround.css
ERR: 无法加载控制器:Assets

[ 2017-11-21T21:39:35+08:00 ] ::1 /blog/dist/js/bootstrap.min.js
ERR: 无法加载控制器:Dist

[ 2017-11-21T21:39:35+08:00 ] ::1 /blog/Admin/Index/dashboard.css
ERR: 非法操作:dashboard.css

[ 2017-11-21T21:39:35+08:00 ] ::1 /blog/assets/js/vendor/holder.min.js
ERR: 无法加载控制器:Assets

[ 2017-11-21T21:39:35+08:00 ] ::1 /blog/dist/css/bootstrap.min.css
ERR: 无法加载控制器:Dist

[ 2017-11-21T21:39:35+08:00 ] ::1 /blog/assets/js/ie-emulation-modes-warning.js
ERR: 无法加载控制器:Assets

[ 2017-11-21T21:39:35+08:00 ] ::1 /blog/assets/js/ie10-viewport-bug-workaround.js
ERR: 无法加载控制器:Assets

[ 2017-11-21T21:39:35+08:00 ] ::1 /blog/assets/js/ie-emulation-modes-warning.js
ERR: 无法加载控制器:Assets

[ 2017-11-21T21:39:35+08:00 ] ::1 /blog/assets/js/vendor/holder.min.js
ERR: 无法加载控制器:Assets

[ 2017-11-21T21:39:35+08:00 ] ::1 /blog/assets/css/ie10-viewport-bug-workaround.css
ERR: 无法加载控制器:Assets

[ 2017-11-21T21:39:35+08:00 ] ::1 /blog/dist/js/bootstrap.min.js
ERR: 无法加载控制器:Dist

[ 2017-11-21T21:39:35+08:00 ] ::1 /blog/dist/css/bootstrap.min.css
ERR: 无法加载控制器:Dist

[ 2017-11-21T21:39:35+08:00 ] ::1 /blog/Admin/Index/dashboard.css
ERR: 非法操作:dashboard.css

[ 2017-11-21T21:39:35+08:00 ] ::1 /blog/assets/js/ie10-viewport-bug-workaround.js
ERR: 无法加载控制器:Assets

[ 2017-11-21T21:39:36+08:00 ] ::1 /blog/Admin/Index/dashboard.css
ERR: 非法操作:dashboard.css

[ 2017-11-21T21:39:36+08:00 ] ::1 /blog/dist/css/bootstrap.min.css
ERR: 无法加载控制器:Dist

[ 2017-11-21T21:39:36+08:00 ] ::1 /blog/assets/css/ie10-viewport-bug-workaround.css
ERR: 无法加载控制器:Assets

[ 2017-11-21T21:39:36+08:00 ] ::1 /blog/assets/js/vendor/holder.min.js
ERR: 无法加载控制器:Assets

[ 2017-11-21T21:39:36+08:00 ] ::1 /blog/assets/js/ie-emulation-modes-warning.js
ERR: 无法加载控制器:Assets

[ 2017-11-21T21:39:36+08:00 ] ::1 /blog/dist/js/bootstrap.min.js
ERR: 无法加载控制器:Dist

[ 2017-11-21T21:39:36+08:00 ] ::1 /blog/assets/js/ie10-viewport-bug-workaround.js
ERR: 无法加载控制器:Assets

[ 2017-11-21T21:39:36+08:00 ] ::1 /blog/dist/js/bootstrap.min.js
ERR: 无法加载控制器:Dist

[ 2017-11-21T21:39:36+08:00 ] ::1 /blog/dist/css/bootstrap.min.css
ERR: 无法加载控制器:Dist

[ 2017-11-21T21:39:36+08:00 ] ::1 /blog/assets/js/ie-emulation-modes-warning.js
ERR: 无法加载控制器:Assets

[ 2017-11-21T21:39:36+08:00 ] ::1 /blog/assets/js/vendor/holder.min.js
ERR: 无法加载控制器:Assets

[ 2017-11-21T21:39:36+08:00 ] ::1 /blog/Admin/Index/dashboard.css
ERR: 非法操作:dashboard.css

[ 2017-11-21T21:39:36+08:00 ] ::1 /blog/assets/css/ie10-viewport-bug-workaround.css
ERR: 无法加载控制器:Assets

[ 2017-11-21T21:39:36+08:00 ] ::1 /blog/assets/js/ie10-viewport-bug-workaround.js
ERR: 无法加载控制器:Assets

[ 2017-11-21T21:39:36+08:00 ] ::1 /blog/assets/js/ie-emulation-modes-warning.js
ERR: 无法加载控制器:Assets

[ 2017-11-21T21:39:36+08:00 ] ::1 /blog/assets/js/vendor/holder.min.js
ERR: 无法加载控制器:Assets

[ 2017-11-21T21:39:36+08:00 ] ::1 /blog/Admin/Index/dashboard.css
ERR: 非法操作:dashboard.css

[ 2017-11-21T21:39:36+08:00 ] ::1 /blog/assets/css/ie10-viewport-bug-workaround.css
ERR: 无法加载控制器:Assets

[ 2017-11-21T21:39:36+08:00 ] ::1 /blog/dist/js/bootstrap.min.js
ERR: 无法加载控制器:Dist

[ 2017-11-21T21:39:36+08:00 ] ::1 /blog/dist/css/bootstrap.min.css
ERR: 无法加载控制器:Dist

[ 2017-11-21T21:39:36+08:00 ] ::1 /blog/assets/js/ie10-viewport-bug-workaround.js
ERR: 无法加载控制器:Assets

[ 2017-11-21T21:39:38+08:00 ] ::1 /blog/Admin/Index/dashboard.css
ERR: 非法操作:dashboard.css

[ 2017-11-21T21:39:38+08:00 ] ::1 /blog/dist/js/bootstrap.min.js
ERR: 无法加载控制器:Dist

[ 2017-11-21T21:39:38+08:00 ] ::1 /blog/assets/css/ie10-viewport-bug-workaround.css
ERR: 无法加载控制器:Assets

[ 2017-11-21T21:39:38+08:00 ] ::1 /blog/assets/js/ie-emulation-modes-warning.js
ERR: 无法加载控制器:Assets

[ 2017-11-21T21:39:38+08:00 ] ::1 /blog/assets/js/vendor/holder.min.js
ERR: 无法加载控制器:Assets

[ 2017-11-21T21:39:38+08:00 ] ::1 /blog/dist/css/bootstrap.min.css
ERR: 无法加载控制器:Dist

[ 2017-11-21T21:39:38+08:00 ] ::1 /blog/assets/js/ie10-viewport-bug-workaround.js
ERR: 无法加载控制器:Assets

[ 2017-11-21T21:39:43+08:00 ] ::1 /blog/assets/js/vendor/jquery.min.js
ERR: 无法加载控制器:Assets

[ 2017-11-21T21:39:43+08:00 ] ::1 /blog/dist/js/bootstrap.min.js
ERR: 无法加载控制器:Dist

[ 2017-11-21T21:39:43+08:00 ] ::1 /blog/assets/js/vendor/holder.min.js
ERR: 无法加载控制器:Assets

[ 2017-11-21T21:39:43+08:00 ] ::1 /blog/assets/js/ie10-viewport-bug-workaround.js
ERR: 无法加载控制器:Assets

[ 2017-11-21T21:42:31+08:00 ] ::1 /blog/Admin/Index/dashboard.css
ERR: 非法操作:dashboard.css

[ 2017-11-21T22:19:23+08:00 ] ::1 /blog/Admin/Index/dashboard.css
ERR: 非法操作:dashboard.css

[ 2017-11-21T22:19:43+08:00 ] ::1 /blog/Admin/Index/dashboard.css
ERR: 非法操作:dashboard.css

[ 2017-11-21T22:19:52+08:00 ] ::1 /blog/Admin/Index/dashboard.css
ERR: 非法操作:dashboard.css

