[ 2017-11-22T15:00:19+08:00 ] ::1 /blog/index.php/Index/search.html?text=%E4%B8%89
ERR: Think\Controller:disply方法不存在！

[ 2017-11-22T16:31:33+08:00 ] ::1 /blog/index.php/Index/regist.html
ERR: 非法操作:regist

[ 2017-11-22T16:31:35+08:00 ] ::1 /blog/index.php/Index/regist.html
ERR: 非法操作:regist

[ 2017-11-22T16:41:28+08:00 ] ::1 /blog/index.php/Index/login01.css
ERR: 非法操作:login01.css

[ 2017-11-22T19:08:58+08:00 ] ::1 /blog/
ERR: XML标签语法错误 : type="eq" name="{$state['writings']}"value="writings"

[ 2017-11-22T19:11:08+08:00 ] ::1 /blog/
ERR: XML标签语法错误 :  type="eq" name="$state['writings']"value="writings"

[ 2017-11-22T19:11:41+08:00 ] ::1 /blog/
ERR: XML标签语法错误 : name="$state['writings']"value="writings"

[ 2017-11-22T19:12:30+08:00 ] ::1 /blog/
ERR: XML标签语法错误 : name="state['writings']"value="writings"

[ 2017-11-22T19:12:43+08:00 ] ::1 /blog/
ERR: XML标签语法错误 : name="vo"value="writings"

[ 2017-11-22T19:13:00+08:00 ] ::1 /blog/
ERR: XML标签语法错误 : name="state['writings']"value="writings"

[ 2017-11-22T19:15:38+08:00 ] ::1 /blog/
ERR: XML标签语法错误 : name="state['writings']"type="eq" value="writings"

[ 2017-11-22T19:16:31+08:00 ] ::1 /blog/
ERR: XML标签语法错误 : name="state['writings']"type="eq" value="writings"

[ 2017-11-22T19:18:25+08:00 ] ::1 /blog/
ERR: XML标签语法错误 : name="state['writings']"type="eq" value="writings"

[ 2017-11-22T19:18:26+08:00 ] ::1 /blog/
ERR: XML标签语法错误 : name="state['writings']"type="eq" value="writings"

[ 2017-11-22T19:18:31+08:00 ] ::1 /blog/
ERR: XML标签语法错误 : name="state['writings']"type="eq" value="writings"

[ 2017-11-22T19:18:31+08:00 ] ::1 /blog/
ERR: XML标签语法错误 : name="state['writings']"type="eq" value="writings"

[ 2017-11-22T19:18:31+08:00 ] ::1 /blog/
ERR: XML标签语法错误 : name="state['writings']"type="eq" value="writings"

[ 2017-11-22T19:18:32+08:00 ] ::1 /blog/
ERR: XML标签语法错误 : name="state['writings']"type="eq" value="writings"

[ 2017-11-22T19:18:32+08:00 ] ::1 /blog/
ERR: XML标签语法错误 : name="state['writings']"type="eq" value="writings"

[ 2017-11-22T19:18:32+08:00 ] ::1 /blog/
ERR: XML标签语法错误 : name="state['writings']"type="eq" value="writings"

[ 2017-11-22T19:18:32+08:00 ] ::1 /blog/
ERR: XML标签语法错误 : name="state['writings']"type="eq" value="writings"

[ 2017-11-22T19:18:32+08:00 ] ::1 /blog/
ERR: XML标签语法错误 : name="state['writings']"type="eq" value="writings"

[ 2017-11-22T19:22:29+08:00 ] ::1 /blog/index.php/Index/writings/id.html
ERR: 非法操作:writings

[ 2017-11-22T19:24:49+08:00 ] ::1 /blog/index.php/Index/Home.html
ERR: XML标签语法错误 : condition="$state['writings'] eq "Home""

[ 2017-11-22T21:22:57+08:00 ] ::1 /blog/Public/bootstrap/js/popver.js
ERR: 无法加载控制器:Public

[ 2017-11-22T21:22:57+08:00 ] ::1 /blog/Public/bootstrap/js/popver.js
ERR: 无法加载控制器:Public

[ 2017-11-22T21:23:03+08:00 ] ::1 /blog/Public/bootstrap/js/popver.js
ERR: 无法加载控制器:Public

[ 2017-11-22T21:23:04+08:00 ] ::1 /blog/Public/bootstrap/js/popver.js
ERR: 无法加载控制器:Public

[ 2017-11-22T21:45:28+08:00 ] ::1 /blog/Public/bootstrap/js/popver.js
ERR: 无法加载控制器:Public

[ 2017-11-22T21:48:57+08:00 ] ::1 /blog/Public/bootstrap/js/popver.js
ERR: 无法加载控制器:Public

[ 2017-11-22T21:48:59+08:00 ] ::1 /blog/Public/bootstrap/js/popver.js
ERR: 无法加载控制器:Public

[ 2017-11-22T21:49:02+08:00 ] ::1 /blog/Public/bootstrap/js/popver.js
ERR: 无法加载控制器:Public

[ 2017-11-22T21:49:04+08:00 ] ::1 /blog/Public/bootstrap/js/popver.js
ERR: 无法加载控制器:Public

