[ 2017-11-24T16:16:07+08:00 ] ::1 /blog/index.php/Index/bootstrap-wysiwyg-master/external/google-code-prettify/prettify.js
ERR: 非法操作:bootstrap-wysiwyg-master

[ 2017-11-24T16:16:07+08:00 ] ::1 /blog/index.php/Index/bootstrap-wysiwyg-master/external/google-code-prettify/prettify.css
ERR: 非法操作:bootstrap-wysiwyg-master

[ 2017-11-24T16:16:07+08:00 ] ::1 /blog/index.php/Index/bootstrap-wysiwyg-master/external/jquery.hotkeys.js
ERR: 非法操作:bootstrap-wysiwyg-master

[ 2017-11-24T16:16:07+08:00 ] ::1 /blog/index.php/Index/bootstrap-wysiwyg-2.0-dev/css/style.css
ERR: 非法操作:bootstrap-wysiwyg-2.0-dev

[ 2017-11-24T16:16:07+08:00 ] ::1 /blog/index.php/Index/bootstrap/js/bootstrap.min.js
ERR: 非法操作:bootstrap

[ 2017-11-24T16:16:07+08:00 ] ::1 /blog/index.php/Index/bootstrap/css/bootstrap.min.css
ERR: 非法操作:bootstrap

[ 2017-11-24T16:16:07+08:00 ] ::1 /blog/index.php/Index/bootstrap-wysiwyg-master/bootstrap-wysiwyg.js
ERR: 非法操作:bootstrap-wysiwyg-master

[ 2017-11-24T16:16:07+08:00 ] ::1 /blog/index.php/Index/bootstrap-wysiwyg-master/external/jquery.hotkeys.js
ERR: 非法操作:bootstrap-wysiwyg-master

[ 2017-11-24T16:16:07+08:00 ] ::1 /blog/index.php/Index/bootstrap/js/bootstrap.min.js
ERR: 非法操作:bootstrap

[ 2017-11-24T16:16:07+08:00 ] ::1 /blog/index.php/Index/bootstrap-wysiwyg-master/external/google-code-prettify/prettify.js
ERR: 非法操作:bootstrap-wysiwyg-master

[ 2017-11-24T16:16:07+08:00 ] ::1 /blog/index.php/Index/bootstrap-wysiwyg-master/bootstrap-wysiwyg.js
ERR: 非法操作:bootstrap-wysiwyg-master

[ 2017-11-24T20:23:49+08:00 ] ::1 /blog/filter
ERR: 无法加载控制器:Filter

[ 2017-11-24T20:24:01+08:00 ] ::1 /blog/index.php/Index/filter
ERR: 参数错误或者未定义:data

